[15-Nov-2016 16:54:27 UTC] PHP Parse error:  syntax error, unexpected 'wp_enqueue_style' (T_STRING) in /home/ubuntu/workspace/wp-content/themes/customtheme/functions.php on line 7
[15-Nov-2016 16:54:27 UTC] PHP Stack trace:
[15-Nov-2016 16:54:27 UTC] PHP   1. {main}() /home/ubuntu/workspace/wp-admin/admin-ajax.php:0
[15-Nov-2016 16:54:27 UTC] PHP   2. require_once() /home/ubuntu/workspace/wp-admin/admin-ajax.php:22
[15-Nov-2016 16:54:27 UTC] PHP   3. require_once() /home/ubuntu/workspace/wp-load.php:39
[15-Nov-2016 16:54:27 UTC] PHP   4. require_once() /home/ubuntu/workspace/wp-config.php:92
[15-Nov-2016 16:56:27 UTC] PHP Parse error:  syntax error, unexpected 'wp_enqueue_style' (T_STRING) in /home/ubuntu/workspace/wp-content/themes/customtheme/functions.php on line 7
[15-Nov-2016 16:56:27 UTC] PHP Stack trace:
[15-Nov-2016 16:56:27 UTC] PHP   1. {main}() /home/ubuntu/workspace/wp-admin/admin-ajax.php:0
[15-Nov-2016 16:56:27 UTC] PHP   2. require_once() /home/ubuntu/workspace/wp-admin/admin-ajax.php:22
[15-Nov-2016 16:56:27 UTC] PHP   3. require_once() /home/ubuntu/workspace/wp-load.php:39
[15-Nov-2016 16:56:27 UTC] PHP   4. require_once() /home/ubuntu/workspace/wp-config.php:92
[15-Nov-2016 16:58:27 UTC] PHP Parse error:  syntax error, unexpected 'wp_enqueue_style' (T_STRING) in /home/ubuntu/workspace/wp-content/themes/customtheme/functions.php on line 7
[15-Nov-2016 16:58:27 UTC] PHP Stack trace:
[15-Nov-2016 16:58:27 UTC] PHP   1. {main}() /home/ubuntu/workspace/wp-admin/admin-ajax.php:0
[15-Nov-2016 16:58:27 UTC] PHP   2. require_once() /home/ubuntu/workspace/wp-admin/admin-ajax.php:22
[15-Nov-2016 16:58:27 UTC] PHP   3. require_once() /home/ubuntu/workspace/wp-load.php:39
[15-Nov-2016 16:58:27 UTC] PHP   4. require_once() /home/ubuntu/workspace/wp-config.php:92
[15-Nov-2016 17:00:27 UTC] PHP Parse error:  syntax error, unexpected 'wp_enqueue_style' (T_STRING) in /home/ubuntu/workspace/wp-content/themes/customtheme/functions.php on line 7
[15-Nov-2016 17:00:27 UTC] PHP Stack trace:
[15-Nov-2016 17:00:27 UTC] PHP   1. {main}() /home/ubuntu/workspace/wp-admin/admin-ajax.php:0
[15-Nov-2016 17:00:27 UTC] PHP   2. require_once() /home/ubuntu/workspace/wp-admin/admin-ajax.php:22
[15-Nov-2016 17:00:27 UTC] PHP   3. require_once() /home/ubuntu/workspace/wp-load.php:39
[15-Nov-2016 17:00:27 UTC] PHP   4. require_once() /home/ubuntu/workspace/wp-config.php:92
[15-Nov-2016 17:02:27 UTC] PHP Parse error:  syntax error, unexpected 'wp_enqueue_style' (T_STRING) in /home/ubuntu/workspace/wp-content/themes/customtheme/functions.php on line 7
[15-Nov-2016 17:02:27 UTC] PHP Stack trace:
[15-Nov-2016 17:02:27 UTC] PHP   1. {main}() /home/ubuntu/workspace/wp-admin/admin-ajax.php:0
[15-Nov-2016 17:02:27 UTC] PHP   2. require_once() /home/ubuntu/workspace/wp-admin/admin-ajax.php:22
[15-Nov-2016 17:02:27 UTC] PHP   3. require_once() /home/ubuntu/workspace/wp-load.php:39
[15-Nov-2016 17:02:27 UTC] PHP   4. require_once() /home/ubuntu/workspace/wp-config.php:92
[15-Nov-2016 17:04:27 UTC] PHP Parse error:  syntax error, unexpected 'wp_enqueue_style' (T_STRING) in /home/ubuntu/workspace/wp-content/themes/customtheme/functions.php on line 7
[15-Nov-2016 17:04:27 UTC] PHP Stack trace:
[15-Nov-2016 17:04:27 UTC] PHP   1. {main}() /home/ubuntu/workspace/wp-admin/admin-ajax.php:0
[15-Nov-2016 17:04:27 UTC] PHP   2. require_once() /home/ubuntu/workspace/wp-admin/admin-ajax.php:22
[15-Nov-2016 17:04:27 UTC] PHP   3. require_once() /home/ubuntu/workspace/wp-load.php:39
[15-Nov-2016 17:04:27 UTC] PHP   4. require_once() /home/ubuntu/workspace/wp-config.php:92
[15-Nov-2016 17:06:27 UTC] PHP Parse error:  syntax error, unexpected 'wp_enqueue_style' (T_STRING) in /home/ubuntu/workspace/wp-content/themes/customtheme/functions.php on line 7
[15-Nov-2016 17:06:27 UTC] PHP Stack trace:
[15-Nov-2016 17:06:27 UTC] PHP   1. {main}() /home/ubuntu/workspace/wp-admin/admin-ajax.php:0
[15-Nov-2016 17:06:27 UTC] PHP   2. require_once() /home/ubuntu/workspace/wp-admin/admin-ajax.php:22
[15-Nov-2016 17:06:27 UTC] PHP   3. require_once() /home/ubuntu/workspace/wp-load.php:39
[15-Nov-2016 17:06:27 UTC] PHP   4. require_once() /home/ubuntu/workspace/wp-config.php:92
[15-Nov-2016 17:08:27 UTC] PHP Parse error:  syntax error, unexpected 'wp_enqueue_style' (T_STRING) in /home/ubuntu/workspace/wp-content/themes/customtheme/functions.php on line 7
[15-Nov-2016 17:08:27 UTC] PHP Stack trace:
[15-Nov-2016 17:08:27 UTC] PHP   1. {main}() /home/ubuntu/workspace/wp-admin/admin-ajax.php:0
[15-Nov-2016 17:08:27 UTC] PHP   2. require_once() /home/ubuntu/workspace/wp-admin/admin-ajax.php:22
[15-Nov-2016 17:08:27 UTC] PHP   3. require_once() /home/ubuntu/workspace/wp-load.php:39
[15-Nov-2016 17:08:27 UTC] PHP   4. require_once() /home/ubuntu/workspace/wp-config.php:92
